<?xml version="1.0" encoding="utf-8"?>
<customers>
  <customer>
    <newsletterSubscriber>  No  </newsletterSubscriber>
  </customer>
</customers>
